Determining if the pthread_create exist failed with the following output:
Change Dir: /home/mh/catkin_ws/build/CMakeFiles/CMakeTmp

Run Build Command:/usr/bin/make "cmTryCompileExec3480287534/fast"
/usr/bin/make -f CMakeFiles/cmTryCompileExec3480287534.dir/build.make CMakeFiles/cmTryCompileExec3480287534.dir/build
make[1]: Entering directory `/home/mh/catkin_ws/build/CMakeFiles/CMakeTmp'
/usr/bin/cmake -E cmake_progress_report /home/mh/catkin_ws/build/CMakeFiles/CMakeTmp/CMakeFiles 1
Building C object CMakeFiles/cmTryCompileExec3480287534.dir/CheckSymbolExists.c.o
/usr/bin/cc    -o CMakeFiles/cmTryCompileExec3480287534.dir/CheckSymbolExists.c.o   -c /home/mh/catkin_ws/build/CMakeFiles/CMakeTmp/CheckSymbolExists.c
Linking C executable cmTryCompileExec3480287534
/usr/bin/cmake -E cmake_link_script CMakeFiles/cmTryCompileExec3480287534.dir/link.txt --verbose=1
/usr/bin/cc       CMakeFiles/cmTryCompileExec3480287534.dir/CheckSymbolExists.c.o  -o cmTryCompileExec3480287534 -rdynamic 
CMakeFiles/cmTryCompileExec3480287534.dir/CheckSymbolExists.c.o: In function `main':
CheckSymbolExists.c:(.text+0x16): undefined reference to `pthread_create'
collect2: error: ld returned 1 exit status
make[1]: Leaving directory `/home/mh/catkin_ws/build/CMakeFiles/CMakeTmp'
make[1]: *** [cmTryCompileExec3480287534] Error 1
make: *** [cmTryCompileExec3480287534/fast] Error 2

File /home/mh/catkin_ws/build/CMakeFiles/CMakeTmp/CheckSymbolExists.c:
/* */
#include <pthread.h>

int main(int argc, char** argv)
{
  (void)argv;
#ifndef pthread_create
  return ((int*)(&pthread_create))[argc];
#else
  (void)argc;
  return 0;
#endif
}

Determining if the function pthread_create exists in the pthreads failed with the following output:
Change Dir: /home/mh/catkin_ws/build/CMakeFiles/CMakeTmp

Run Build Command:/usr/bin/make "cmTryCompileExec360278820/fast"
/usr/bin/make -f CMakeFiles/cmTryCompileExec360278820.dir/build.make CMakeFiles/cmTryCompileExec360278820.dir/build
make[1]: Entering directory `/home/mh/catkin_ws/build/CMakeFiles/CMakeTmp'
/usr/bin/cmake -E cmake_progress_report /home/mh/catkin_ws/build/CMakeFiles/CMakeTmp/CMakeFiles 1
Building C object CMakeFiles/cmTryCompileExec360278820.dir/CheckFunctionExists.c.o
/usr/bin/cc   -DCHECK_FUNCTION_EXISTS=pthread_create   -o CMakeFiles/cmTryCompileExec360278820.dir/CheckFunctionExists.c.o   -c /usr/share/cmake-2.8/Modules/CheckFunctionExists.c
Linking C executable cmTryCompileExec360278820
/usr/bin/cmake -E cmake_link_script CMakeFiles/cmTryCompileExec360278820.dir/link.txt --verbose=1
/usr/bin/cc   -DCHECK_FUNCTION_EXISTS=pthread_create    CMakeFiles/cmTryCompileExec360278820.dir/CheckFunctionExists.c.o  -o cmTryCompileExec360278820 -rdynamic -lpthreads 
/usr/bin/ld: cannot find -lpthreads
collect2: error: ld returned 1 exit status
make[1]: Leaving directory `/home/mh/catkin_ws/build/CMakeFiles/CMakeTmp'
make[1]: *** [cmTryCompileExec360278820] Error 1
make: *** [cmTryCompileExec360278820/fast] Error 2


